379.2759409993887
400.43793299794197
469.2438859939575
849.9949209988117
865.3634199947119
866.3112940043211
862.8263279944658
894.1322639882565
889.108575001359
910.9507180005312
909.0094610005617
912.0256900042295
915.9909999966621
918.3282639980316
914.4993160068989
918.6556749939919
949.2739169895649
1016.4913260042667
874.8059130012989
985.9729280024767
997.997916996479
1028.2385979890823
1013.7999949902296
1035.5179850012064
1034.5074509978294
1032.6111380010843
1029.0190200060606
1047.959788993001
1042.0210170000792
1075.231749996543
1070.5425139963627
1076.8379720002413
