1359.5494699925184
106.29650799930096
106.71377500891685
1257.7530819922686
122.55916400253773
1258.1279230117798
126.09531199932098
1281.297136992216
1188.4703190028667
1189.233272999525
1135.3912409991026
1500.7591159939766
1143.0738489925861
1450.4993399977684
739.8093039989471
741.8864450007677
1228.2113389968872
1525.8051320016384
99.29645699262619
99.95621900260448
101.24064500629902
123.41414299607277
609.8786019980907
615.0539730042219
1051.8985540121794
118.4784020036459
120.65990799665451
1685.185263991356
1055.2975239902735
99.81769700348377
543.8892740011215
100.12618298828602
1812.1941789984703
1826.6095219999552
1571.0647480040789
1829.3722530007362
1229.0160939991474
1861.2896620035172
489.76041300594807
933.3595509976149
933.8402989953756
1624.4632270038128
1790.6301869899035
1815.3814869970083
1629.566485002637
1797.6127050071955
1945.652824997902
930.7851340025663
103.98061099648476
103.18314500153065
103.21283499896526
1671.2024599909782
741.6074689924717
482.7652719914913
1681.9524189978838
1340.3731990009546
1058.9621049910784
1653.4619619995356
1441.3646239936352
1804.5149389952421
1979.0259369909763
1829.0189290046692
1315.3240070044994
104.52521198987961
