103.14464500546455
1760.3514399975538
1678.5673099905252
119.1632599979639
1113.608486995101
118.18329699337482
1117.9846629947424
105.6146830022335
1553.0894169956446
757.8150879889727
104.56925900280476
1125.5410749912262
116.74772499501705
2309.2681199908257
125.40294699370861
101.22678899765015
101.60763800144196
100.80993899703026
101.43245600163937
101.76731599867344
410.5371339917183
102.34633599221706
549.5719359964132
572.0561800003052
910.2066390067339
900.0658840090036
100.59451299905777
101.67936699092388
741.0828980058432
1328.4770940095186
232.65970300137997
110.49588099122047
1059.4495119899511
101.28713800013065
1084.5825840085745
901.2317959964275
116.06918500363827
731.4151450097561
726.7742049992085
508.1056319922209
1590.7841210067272
1112.330115005374
100.42870199680328
1264.0527289956808
1244.3790370076895
2665.587661996484
100.69285699725151
1273.507382005453
1267.6382550001144
1238.5593850016594
1588.962059006095
1338.401904001832
1879.4344619959593
103.6109139919281
1012.3777910023928
1883.0646280050278
603.5200729966164
735.7641189992428
566.218372002244
2068.159746006131
1044.8573700040579
2194.805533990264
1946.5616270005703
1018.9473460018635
1023.4779099971056
120.49234899878502
1112.8483690023422
109.25944599509239
1120.2030459940434
2065.1068789958954
109.66668000817299
110.16525700688362
1805.0234609991312
1673.4926989972591
1044.6873749941587
1558.3107369989157
1054.3241109997034
1950.758921995759
1744.4875019937754
908.5400260090828
1109.0088579952717
1529.950214996934
1116.9051239937544
1004.8955929875374
107.2599849998951
112.36538399755955
107.57059499621391
1024.313665986061
1037.2797279953957
1355.6415049880743
1240.9782880097628
2240.3150310069323
750.71208499372
1237.364335000515
103.83453001081944
108.02173499763012
107.49820800125599
104.32513299584389
2288.684911996126
1217.5145150125027
1251.6524809896946
924.5968049913645
1354.9292199909687
1386.046068996191
1124.4010419994593
1881.8814920037985
756.5601579993963
1208.6737590134144
106.97211100161076
1743.52446000278
109.4601409882307
1176.012598991394
107.62814399600029
1364.3913529962301
1201.5649980008602
1176.1007679998875
2084.0892599970102
2091.0062790066004
804.323692008853
790.9422050118446
1400.8931320011616
898.4138170033693
1664.6953690052032
861.3383200019598
855.8915590047836
1206.4070239961147
1357.5119609981775
1250.084037989378
102.33381201326847
105.52483901381493
158.9187560081482
